L 1 "..\..\..\Lib\LibData.c"
N/**
N  ******************************************************************************
N  * @file        LibData.c
N  * @author      Johnny
N  * @version     v0.0.1
N  * @date        2021/12/01
N  * @brief       
N  ******************************************************************************
N  * @attention
N  *
N  * <h2><center>&copy; COPYRIGHT(c) 2021 Johnny</center></h2>
N  *
N  *
N  ******************************************************************************
N  */
N
N
N/* Includes ------------------------------------------------------------------*/
N#include "LibDebug.h"
L 1 "..\..\..\Lib\LibDebug.h" 1
N#ifndef _LIB_DEBUG_H
N#define	_LIB_DEBUG_H
N
N#include <stdint.h>
L 1 "C:\Keil_v5\ARM\ARMCC\Bin\..\include\stdint.h" 1
N/* Copyright (C) ARM Ltd., 1999,2014 */
N/* All rights reserved */
N
N/*
N * RCS $Revision$
N * Checkin $Date$
N * Revising $Author: agrant $
N */
N
N#ifndef __stdint_h
N#define __stdint_h
N#define __ARMCLIB_VERSION 5060044
N
N  #ifdef __INT64_TYPE__
S    /* armclang predefines '__INT64_TYPE__' and '__INT64_C_SUFFIX__' */
S    #define __INT64 __INT64_TYPE__
N  #else
N    /* armcc has builtin '__int64' which can be used in --strict mode */
N    #define __INT64 __int64
N    #define __INT64_C_SUFFIX__ ll
N  #endif
N  #define __PASTE2(x, y) x ## y
N  #define __PASTE(x, y) __PASTE2(x, y)
N  #define __INT64_C(x)  __ESCAPE__(__PASTE(x, __INT64_C_SUFFIX__))
N  #define __UINT64_C(x)  __ESCAPE__(__PASTE(x ## u, __INT64_C_SUFFIX__))
N  #if defined(__clang__) || (defined(__ARMCC_VERSION) && !defined(__STRICT_ANSI__))
X  #if 0L || (1L && !0L)
N    /* armclang and non-strict armcc allow 'long long' in system headers */
N    #define __LONGLONG long long
N  #else
S    /* strict armcc has '__int64' */
S    #define __LONGLONG __int64
N  #endif
N
N  #ifndef __STDINT_DECLS
N  #define __STDINT_DECLS
N
N    #undef __CLIBNS
N
N    #ifdef __cplusplus
S      namespace std {
S          #define __CLIBNS std::
S          extern "C" {
N    #else
N      #define __CLIBNS
N    #endif  /* __cplusplus */
N
N
N/*
N * 'signed' is redundant below, except for 'signed char' and if
N * the typedef is used to declare a bitfield.
N */
N
N    /* 7.18.1.1 */
N
N    /* exact-width signed integer types */
Ntypedef   signed          char int8_t;
Ntypedef   signed short     int int16_t;
Ntypedef   signed           int int32_t;
Ntypedef   signed       __INT64 int64_t;
Xtypedef   signed       __int64 int64_t;
N
N    /* exact-width unsigned integer types */
Ntypedef unsigned          char uint8_t;
Ntypedef unsigned short     int uint16_t;
Ntypedef unsigned           int uint32_t;
Ntypedef unsigned       __INT64 uint64_t;
Xtypedef unsigned       __int64 uint64_t;
N
N    /* 7.18.1.2 */
N
N    /* smallest type of at least n bits */
N    /* minimum-width signed integer types */
Ntypedef   signed          char int_least8_t;
Ntypedef   signed short     int int_least16_t;
Ntypedef   signed           int int_least32_t;
Ntypedef   signed       __INT64 int_least64_t;
Xtypedef   signed       __int64 int_least64_t;
N
N    /* minimum-width unsigned integer types */
Ntypedef unsigned          char uint_least8_t;
Ntypedef unsigned short     int uint_least16_t;
Ntypedef unsigned           int uint_least32_t;
Ntypedef unsigned       __INT64 uint_least64_t;
Xtypedef unsigned       __int64 uint_least64_t;
N
N    /* 7.18.1.3 */
N
N    /* fastest minimum-width signed integer types */
Ntypedef   signed           int int_fast8_t;
Ntypedef   signed           int int_fast16_t;
Ntypedef   signed           int int_fast32_t;
Ntypedef   signed       __INT64 int_fast64_t;
Xtypedef   signed       __int64 int_fast64_t;
N
N    /* fastest minimum-width unsigned integer types */
Ntypedef unsigned           int uint_fast8_t;
Ntypedef unsigned           int uint_fast16_t;
Ntypedef unsigned           int uint_fast32_t;
Ntypedef unsigned       __INT64 uint_fast64_t;
Xtypedef unsigned       __int64 uint_fast64_t;
N
N    /* 7.18.1.4 integer types capable of holding object pointers */
N#if __sizeof_ptr == 8
X#if 4 == 8
Stypedef   signed       __INT64 intptr_t;
Stypedef unsigned       __INT64 uintptr_t;
N#else
Ntypedef   signed           int intptr_t;
Ntypedef unsigned           int uintptr_t;
N#endif
N
N    /* 7.18.1.5 greatest-width integer types */
Ntypedef   signed     __LONGLONG intmax_t;
Xtypedef   signed     long long intmax_t;
Ntypedef unsigned     __LONGLONG uintmax_t;
Xtypedef unsigned     long long uintmax_t;
N
N
N#if !defined(__cplusplus) || defined(__STDC_LIMIT_MACROS)
X#if !0L || 0L
N
N    /* 7.18.2.1 */
N
N    /* minimum values of exact-width signed integer types */
N#define INT8_MIN                   -128
N#define INT16_MIN                -32768
N#define INT32_MIN          (~0x7fffffff)   /* -2147483648 is unsigned */
N#define INT64_MIN  __INT64_C(~0x7fffffffffffffff) /* -9223372036854775808 is unsigned */
N
N    /* maximum values of exact-width signed integer types */
N#define INT8_MAX                    127
N#define INT16_MAX                 32767
N#define INT32_MAX            2147483647
N#define INT64_MAX  __INT64_C(9223372036854775807)
N
N    /* maximum values of exact-width unsigned integer types */
N#define UINT8_MAX                   255
N#define UINT16_MAX                65535
N#define UINT32_MAX           4294967295u
N#define UINT64_MAX __UINT64_C(18446744073709551615)
N
N    /* 7.18.2.2 */
N
N    /* minimum values of minimum-width signed integer types */
N#define INT_LEAST8_MIN                   -128
N#define INT_LEAST16_MIN                -32768
N#define INT_LEAST32_MIN          (~0x7fffffff)
N#define INT_LEAST64_MIN  __INT64_C(~0x7fffffffffffffff)
N
N    /* maximum values of minimum-width signed integer types */
N#define INT_LEAST8_MAX                    127
N#define INT_LEAST16_MAX                 32767
N#define INT_LEAST32_MAX            2147483647
N#define INT_LEAST64_MAX  __INT64_C(9223372036854775807)
N
N    /* maximum values of minimum-width unsigned integer types */
N#define UINT_LEAST8_MAX                   255
N#define UINT_LEAST16_MAX                65535
N#define UINT_LEAST32_MAX           4294967295u
N#define UINT_LEAST64_MAX __UINT64_C(18446744073709551615)
N
N    /* 7.18.2.3 */
N
N    /* minimum values of fastest minimum-width signed integer types */
N#define INT_FAST8_MIN           (~0x7fffffff)
N#define INT_FAST16_MIN          (~0x7fffffff)
N#define INT_FAST32_MIN          (~0x7fffffff)
N#define INT_FAST64_MIN  __INT64_C(~0x7fffffffffffffff)
N
N    /* maximum values of fastest minimum-width signed integer types */
N#define INT_FAST8_MAX             2147483647
N#define INT_FAST16_MAX            2147483647
N#define INT_FAST32_MAX            2147483647
N#define INT_FAST64_MAX  __INT64_C(9223372036854775807)
N
N    /* maximum values of fastest minimum-width unsigned integer types */
N#define UINT_FAST8_MAX            4294967295u
N#define UINT_FAST16_MAX           4294967295u
N#define UINT_FAST32_MAX           4294967295u
N#define UINT_FAST64_MAX __UINT64_C(18446744073709551615)
N
N    /* 7.18.2.4 */
N
N    /* minimum value of pointer-holding signed integer type */
N#if __sizeof_ptr == 8
X#if 4 == 8
S#define INTPTR_MIN INT64_MIN
N#else
N#define INTPTR_MIN INT32_MIN
N#endif
N
N    /* maximum value of pointer-holding signed integer type */
N#if __sizeof_ptr == 8
X#if 4 == 8
S#define INTPTR_MAX INT64_MAX
N#else
N#define INTPTR_MAX INT32_MAX
N#endif
N
N    /* maximum value of pointer-holding unsigned integer type */
N#if __sizeof_ptr == 8
X#if 4 == 8
S#define UINTPTR_MAX UINT64_MAX
N#else
N#define UINTPTR_MAX UINT32_MAX
N#endif
N
N    /* 7.18.2.5 */
N
N    /* minimum value of greatest-width signed integer type */
N#define INTMAX_MIN  __ESCAPE__(~0x7fffffffffffffffll)
N
N    /* maximum value of greatest-width signed integer type */
N#define INTMAX_MAX  __ESCAPE__(9223372036854775807ll)
N
N    /* maximum value of greatest-width unsigned integer type */
N#define UINTMAX_MAX __ESCAPE__(18446744073709551615ull)
N
N    /* 7.18.3 */
N
N    /* limits of ptrdiff_t */
N#if __sizeof_ptr == 8
X#if 4 == 8
S#define PTRDIFF_MIN INT64_MIN
S#define PTRDIFF_MAX INT64_MAX
N#else
N#define PTRDIFF_MIN INT32_MIN
N#define PTRDIFF_MAX INT32_MAX
N#endif
N
N    /* limits of sig_atomic_t */
N#define SIG_ATOMIC_MIN (~0x7fffffff)
N#define SIG_ATOMIC_MAX   2147483647
N
N    /* limit of size_t */
N#if __sizeof_ptr == 8
X#if 4 == 8
S#define SIZE_MAX UINT64_MAX
N#else
N#define SIZE_MAX UINT32_MAX
N#endif
N
N    /* limits of wchar_t */
N    /* NB we have to undef and redef because they're defined in both
N     * stdint.h and wchar.h */
N#undef WCHAR_MIN
N#undef WCHAR_MAX
N
N#if defined(__WCHAR32) || (defined(__ARM_SIZEOF_WCHAR_T) && __ARM_SIZEOF_WCHAR_T == 4)
X#if 0L || (0L && __ARM_SIZEOF_WCHAR_T == 4)
S  #define WCHAR_MIN   0
S  #define WCHAR_MAX   0xffffffffU
N#else
N  #define WCHAR_MIN   0
N  #define WCHAR_MAX   65535
N#endif
N
N    /* limits of wint_t */
N#define WINT_MIN (~0x7fffffff)
N#define WINT_MAX 2147483647
N
N#endif /* __STDC_LIMIT_MACROS */
N
N#if !defined(__cplusplus) || defined(__STDC_CONSTANT_MACROS)
X#if !0L || 0L
N
N    /* 7.18.4.1 macros for minimum-width integer constants */
N#define INT8_C(x)   (x)
N#define INT16_C(x)  (x)
N#define INT32_C(x)  (x)
N#define INT64_C(x)  __INT64_C(x)
N
N#define UINT8_C(x)  (x ## u)
N#define UINT16_C(x) (x ## u)
N#define UINT32_C(x) (x ## u)
N#define UINT64_C(x) __UINT64_C(x)
N
N    /* 7.18.4.2 macros for greatest-width integer constants */
N#define INTMAX_C(x)  __ESCAPE__(x ## ll)
N#define UINTMAX_C(x) __ESCAPE__(x ## ull)
N
N#endif /* __STDC_CONSTANT_MACROS */
N
N    #ifdef __cplusplus
S         }  /* extern "C" */
S      }  /* namespace std */
N    #endif /* __cplusplus */
N  #endif /* __STDINT_DECLS */
N
N  #ifdef __cplusplus
S    #ifndef __STDINT_NO_EXPORTS
S      using ::std::int8_t;
S      using ::std::int16_t;
S      using ::std::int32_t;
S      using ::std::int64_t;
S      using ::std::uint8_t;
S      using ::std::uint16_t;
S      using ::std::uint32_t;
S      using ::std::uint64_t;
S      using ::std::int_least8_t;
S      using ::std::int_least16_t;
S      using ::std::int_least32_t;
S      using ::std::int_least64_t;
S      using ::std::uint_least8_t;
S      using ::std::uint_least16_t;
S      using ::std::uint_least32_t;
S      using ::std::uint_least64_t;
S      using ::std::int_fast8_t;
S      using ::std::int_fast16_t;
S      using ::std::int_fast32_t;
S      using ::std::int_fast64_t;
S      using ::std::uint_fast8_t;
S      using ::std::uint_fast16_t;
S      using ::std::uint_fast32_t;
S      using ::std::uint_fast64_t;
S      using ::std::intptr_t;
S      using ::std::uintptr_t;
S      using ::std::intmax_t;
S      using ::std::uintmax_t;
S    #endif
N  #endif /* __cplusplus */
N
N#undef __INT64
N#undef __LONGLONG
N
N#endif /* __stdint_h */
N
N/* end of stdint.h */
L 5 "..\..\..\Lib\LibDebug.h" 2
N//#include "sdk_config.h"
N
N//#define __USE_FULL_ASSERT
N/* Exported macro ------------------------------------------------------------*/
N#ifdef  __USE_FULL_ASSERT
S
S/**
S  * @brief  The assert_param macro is used for function's parameters check.
S  * @param  expr: If expr is false, it calls assert_failed function which reports 
S  *         the name of the source file and the source line number of the call 
S  *         that failed. If expr is true, it returns no value.
S  * @retval None
S  */
S#ifndef assert_param
S#define assert_param(expr) ((expr) ? (void)0 : assert_failed((uint8_t *)__FILE__, __LINE__))
S#endif
S/* Exported functions ------------------------------------------------------- */
S  void assert_failed(uint8_t* file, uint32_t line);
N#else
N  #define assert_param(expr) ((void)0U)
N#endif /* USE_FULL_ASSERT */
N
N#define tErrCode int8_t
N#define RES_ERROR_BASE_NUM (tErrCode)(0x00)
N
N/** @} */
N
N#define RES_SUCCESS                           (RES_ERROR_BASE_NUM - 0)  ///< Successful command
N#define RES_ERROR_NOT_FOUND                   (RES_ERROR_BASE_NUM - 1)  ///< Not found or unknown error 
N#define RES_ERROR_NOT_SUPPORTED               (RES_ERROR_BASE_NUM - 2)  ///< Not supported
N#define RES_ERROR_INVALID_PARAM               (RES_ERROR_BASE_NUM - 3)  ///< Invalid Parameter
N#define RES_ERROR_INVALID_STATE               (RES_ERROR_BASE_NUM - 4)  ///< Invalid state, operation disallowed in this state
N#define RES_ERROR_INVALID_LENGTH              (RES_ERROR_BASE_NUM - 5)  ///< Invalid Length
N#define RES_ERROR_INVALID_FLAGS               (RES_ERROR_BASE_NUM - 6) ///< Invalid Flags
N#define RES_ERROR_INVALID_DATA                (RES_ERROR_BASE_NUM - 7) ///< Invalid Data
N#define RES_ERROR_INVALID_ADDR                (RES_ERROR_BASE_NUM - 8) ///< Bad Memory Address
N#define RES_ERROR_DATA_SIZE                   (RES_ERROR_BASE_NUM - 9) ///< Invalid Data size
N#define RES_ERROR_TIMEOUT                     (RES_ERROR_BASE_NUM - 10) ///< Operation timed out
N#define RES_ERROR_NULL                        (RES_ERROR_BASE_NUM - 11) ///< Null Pointer
N#define RES_ERROR_FORBIDDEN                   (RES_ERROR_BASE_NUM - 12) ///< Forbidden Operation
N#define RES_ERROR_BUSY                        (RES_ERROR_BASE_NUM - 13) ///< Busy
N#define RES_ERROR_RESOURCES                   (RES_ERROR_BASE_NUM - 14) ///< Not enough resources for operation
N#define RES_ERROR_NOT_OPEN                    (RES_ERROR_BASE_NUM - 15) ///< Some software equipment was not open.
N#define RES_ERROR_ACCESS                      (RES_ERROR_BASE_NUM - 16) ///< Accress path error.
N#define RES_ERROR_MALLOC                      (RES_ERROR_BASE_NUM - 17) ///< Memory allocate error.
N#define RES_ERROR_UNINIT                      (RES_ERROR_BASE_NUM - 18) ///< UNINIT error.
N#define RES_ERROR_FULL                           (RES_ERROR_BASE_NUM - 19) ///< Buffer full error.
N#define RES_ERROR_REINIT                       (RES_ERROR_BASE_NUM - 20) ///< 
N#define RES_ERROR_INIT                             (RES_ERROR_BASE_NUM - 21) ///< 
N#define RES_ERROR_EMPTY                             (RES_ERROR_BASE_NUM - 22) ///< Buffer empty error
N#define RES_ERROR_FAIL				(RES_ERROR_BASE_NUM - 23)
N#endif
L 20 "..\..\..\Lib\LibData.c" 2
N#include "LibRegister.h"
L 1 "..\..\..\Lib\LibRegister.h" 1
N
N#ifndef _LIB_REGISTER_H
N#define _LIB_REGISTER_H
N
N#include "sdk_config.h"
L 1 "..\..\..\Config_Common\sdk_config.h" 1
N/**
N  ******************************************************************************
N  * @file        sdk_config.h
N  * @author      Johnny
N  * @version     v1.0
N  * @date        2021/9/4
N  * @brief       
N  ******************************************************************************
N  * @attention
N  *
N  * <h2><center>&copy; COPYRIGHT(c) 2021 Johnny</center></h2>
N  *
N  *
N  ******************************************************************************
N  */
N
N#ifndef SDK_CONFIG_H_
N#define SDK_CONFIG_H_
N
N#define __far
N//
N//#include "project_config.h"
N
N// <h> Application 
N
N//==========================================================
N// <q> APP PROJECT 
N#define APP_PROJECT_LED_SHOW_CAPACITY_TIME 5000 //ms
N#define APP_PROJECT_VPACK_THRES 36000  //mv
N#define APP_PROJECT_VPACK_DROP_DELTA 20  //%
N#define APP_PROJECT_VPACK_NOMINAL_VOL 36500  //mV
N
N#ifndef APP_PROJECT_LED_POWER_OFF_TIMES
N#define APP_PROJECT_LED_POWER_OFF_TIMES 2
N#endif
N
N#ifndef APP_PROJECT_LED_POWER_ON_ENABLE
N#define APP_PROJECT_LED_POWER_ON_ENABLE 0
N#endif
N
N#define APP_PROJECT_STATE_ALARM_SUPPOER 1
N
N#ifndef APP_PROJECT_SHUTDOWN_TIMER_DEF
N#define APP_PROJECT_SHUTDOWN_TIMER_DEF 86400
N#endif
N
N#ifndef APP_PROJECT_LED_COMM_ENABLE
N#define APP_PROJECT_LED_COMM_ENABLE 0
N#endif
N
N//==========================================================
N// <q> APP CAPACITY
N#ifndef APP_CAPACITY_SELF_CURRENT
N#define APP_CAPACITY_SELF_CURRENT  4   //mA
N#endif
N//==========================================================
N// <q> APP SERIAL
N
N#define APP_SERIAL_KEEGLO_HAL &mHalSerialUart1
N#define APP_SERIAL_KEEGLO_APP_DATA_COMM &mAppSerialDat
N#define APP_SERIAL_KEEGLO_BMU 0
N
N#define APP_SERIAL_CUSTOM_HAL &mHalSerialUart0
N#define APP_SERIAL_CUSTOM_APP_DATA_COMM &mAppSerialDat
N#define APP_SERIAL_CUSTOM_BMU 0
N
N
N#define APP_SERIAL_CAN_KEEGLO_HAL &mHalSerialCan1
N#define APP_SERIAL_CAN_KEEGLO_APP_DATA_COMM &mAppSerialDat
N#define APP_SERIAL_CAN_KEEGLO_BMU 0
N
N//UART
N#ifndef APP_SERIAL_CUSTOM_ENABLE
N#define APP_SERIAL_CUSTOM_ENABLE 0
N#endif
N
N
N//CAN
N#ifndef APP_SERIAL_CAN1_ENABLE
N#define APP_SERIAL_CAN1_ENABLE 1
N#endif
N
N#ifndef APP_SERIAL_CAN_CUSTOM_ENABLE
N#define APP_SERIAL_CAN_CUSTOM_ENABLE  1
N#endif
N
N#if (APP_SERIAL_CAN_CUSTOM_ENABLE == 1)
X#if (1 == 1)
N#define APP_SERIAL_CAN_CUSTOM_HAL &mHalSerialCan1
N#define APP_SERIAL_CAN_CUSTOM_APP_DATA_COMM &mAppSerialDat
N#define APP_SERIAL_CAN_CUSTOM_BMU 0
N
N#endif
N
N// </h> 
N//==========================================================
N
N// <h> AFE 
N
N//==========================================================
N// <q> AFE Parameter 
N
N#ifndef AFE_MAX
N#define AFE_MAX 1
N#endif
N
N#define AFE_ADC_DATA_LEN_16 16
N#define AFE_ADC_DATA_LEN_32 32
N
N#ifndef AFE_ADC_DATA_LEN
N#define AFE_ADC_DATA_LEN AFE_ADC_DATA_LEN_16
N#endif
N
N#ifndef AFE_ADC_GAIN_CELL_VOL
N#define AFE_ADC_GAIN_CELL_VOL 305
N#endif
N
N#ifndef AFE_ADC_GAIN_PACK_VOL
N#define AFE_ADC_GAIN_PACK_VOL 6104
N#endif
N
N#ifndef AFE_ADC_GAIN_CURR
N#define AFE_ADC_GAIN_CURR 5493
N#endif
N
N#define AFE_AVG_WINDOW_CELL_VOL 2
N#define AFE_AVG_WINDOW_NTC 2
N#define AFE_AVG_WINDOW_CURRENT 1
N#define AFE_AVG_WINDOW_VB 0
N#define AFE_AVG_WINDOW_VP 0
N
N#define AFE_CALIB_VB   0
N#define AFE_CALIB_VP   1
N#define AFE_CALIB_CURRENT   0
N
N#define AFE_ADC_BALANCE_RELEASE_TIME 80
N//==========================================================
N// <q> LIB MOS
N
N#ifndef LIB_MOS_PRE_DSG_TIME_DEF   //ms
N#define LIB_MOS_PRE_DSG_TIME_DEF 2000
N#endif
N
N#ifndef LIB_MOS_PRE_DSG_RETRY_TIME   //ms
N#define LIB_MOS_PRE_DSG_RETRY_TIME 1000
N#endif
N
N#ifndef LIB_MOS_PRE_DSG_RETRY_COUNT   
N#define LIB_MOS_PRE_DSG_RETRY_COUNT 10
N#endif
N
N#ifndef LIB_MOS_PRE_DSG_VP_THRESHOLD   //uV
N#define LIB_MOS_PRE_DSG_VP_THRESHOLD 10000000
N#endif
N
N//==========================================================
N// <q> LIB PROTECT
N
N#ifndef LIB_PROTECT_OV_ENABLE   
N#define LIB_PROTECT_OV_ENABLE 1
N#endif
N
N// OVP
N#define LIB_OVP_LEVEL_MAX 3
N
N#define LIB_OVP_THRESHOLD_L1   (3500000/AFE_ADC_GAIN_CELL_VOL)  //LSB
N#define LIB_OVP_THRESHOLD_L2   (3600000/AFE_ADC_GAIN_CELL_VOL)  //LSB
N#define LIB_OVP_THRESHOLD_L3   (3650000/AFE_ADC_GAIN_CELL_VOL)  //LSB
N#define LIB_OVP_THRESHOLD_RELEASE   (3450000/AFE_ADC_GAIN_CELL_VOL)  //LSB
N#define LIB_OVP_TIME 50  //unit 100ms
N#define LIB_OVP_TIME_RELEASE 50  //unit 100ms
N
N//==========================================================
N// <q> LIB Register
N
N#ifndef LIB_REGISTER_RECORD_DYNAMIC_ENABLE
N#define LIB_REGISTER_RECORD_DYNAMIC_ENABLE 0
N#endif
N
N#ifndef LIB_REGISTER_RECORD_MAX
N#define LIB_REGISTER_RECORD_MAX 	50
N#endif
N
N//==========================================================
N// <q> LIB Button
N
N#ifndef LIB_BUTTON_LONG_PRESS_TIME
N#define LIB_BUTTON_LONG_PRESS_TIME 3000  //ms
N#endif
N
N
N#ifndef LIB_BUTTON_USE_ADC
N#define LIB_BUTTON_USE_ADC 0  
N#endif
N
N
N//==========================================================
N// <q> NTC
N#ifndef HAL_NTC_CHECK_TABLE
N#define HAL_NTC_CHECK_TABLE {1,0,0,0,0,0,0}
N#endif
N
N//==========================================================
N// <q> BMU
N
N#ifndef APP_BMU_SELF_TEST_TIME    //Unit:100ms 
N#define APP_BMU_SELF_TEST_TIME (LIB_BUTTON_LONG_PRESS_TIME / 100)
N#endif
N
N#ifndef APP_BMU_PROTECT_DUTP_ENABLE
N#define	APP_BMU_PROTECT_DUTP_ENABLE	0
N#endif 
N
N#ifndef APP_BMU_PRE_DISCHARGE_ENABLE
N#define	APP_BMU_PRE_DISCHARGE_ENABLE	0
N#endif
N
N//==========================================================
N// <q> BMS
N#ifndef BMS_MODE_SLAVE_ENABLE
N#define BMS_MODE_SLAVE_ENABLE false
N#endif
N
N#endif
N
L 6 "..\..\..\Lib\LibRegister.h" 2
N#include "LibDebug.h"
N
N#include <stdint.h>
N#include <stdbool.h>
L 1 "C:\Keil_v5\ARM\ARMCC\Bin\..\include\stdbool.h" 1
N/* stdbool.h: ISO/IEC 9899:1999 (C99), section 7.16 */
N
N/* Copyright (C) ARM Ltd., 2002
N * All rights reserved
N * RCS $Revision$
N * Checkin $Date$
N * Revising $Author: drodgman $
N */
N
N#ifndef __bool_true_false_are_defined
N#define __bool_true_false_are_defined 1
N#define __ARMCLIB_VERSION 5060044
N
N  #ifndef __cplusplus /* In C++, 'bool', 'true' and 'false' and keywords */
N    #define bool _Bool
N    #define true 1
N    #define false 0
N  #else
S    #ifdef __GNUC__
S      /* GNU C++ supports direct inclusion of stdbool.h to provide C99
S         compatibility by defining _Bool */
S      #define _Bool bool
S    #endif
N  #endif
N
N#endif /* __bool_true_false_are_defined */
N
L 10 "..\..\..\Lib\LibRegister.h" 2
N//---------------------SysLockCB Debug Definition -----------------------------
N#define LibRegisterAdd(head, handler, dest) _LibRegisterAdd((__far tLibRegister *)head, handler, (__far void *)dest)
N#define LibRegisterRm(head, handler, dest) _LibRegisterRm((__far tLibRegister *)head, handler, (__far void *)dest)
N#define LibRegisterTypeHandlerExe(head, evt, data) _LibRegisterTypeHandlerExe((__far tLibRegister *)head, evt, (__far void *)data)
N#define LibRegisterGetMemberAddr(head, number) _LibRegisterGetMemberAddr((__far tLibRegister *)head, number)
N#define LibRegisterIsMemberNull(head) _LibRegisterIsMemberNull((__far tLibRegister *)head)
N//---------------------SysLockCB Global Variables -----------------------------
N//---------------------SysLockCB Prototype Declaration  -----------------------    
Ntypedef void (* tLibRegisterEvtHandler)(__far void *dest, uint16_t evt, __far void *data);
Xtypedef void (* tLibRegisterEvtHandler)( void *dest, uint16_t evt,  void *data);
N
Ntypedef struct 
N{
N	__far void *dest;
X	 void *dest;
N    tLibRegisterEvtHandler handler;
N    __far void *next;
X     void *next;
N}tLibRegisterMember;
N
Ntypedef struct 
N{
N    __far tLibRegisterMember *next;
X     tLibRegisterMember *next;
N	__far tLibRegisterMember *executing;
X	 tLibRegisterMember *executing;
N	bool removeExecutingHandlerFlag;
X	_Bool removeExecutingHandlerFlag;
N}tLibRegister;
N
N//---------------------SysLockCB Public API  ----------------------------------
NtErrCode _LibRegisterAdd(__far tLibRegister *head, tLibRegisterEvtHandler handler, __far void *dest); //Store member to heap.
Xint8_t _LibRegisterAdd( tLibRegister *head, tLibRegisterEvtHandler handler,  void *dest); 
NtErrCode _LibRegisterRm(__far tLibRegister *head,tLibRegisterEvtHandler handler, __far void *dest); //When "head" is 0,this API will remove all member.
Xint8_t _LibRegisterRm( tLibRegister *head,tLibRegisterEvtHandler handler,  void *dest); 
NtErrCode _LibRegisterTypeHandlerExe(__far tLibRegister *head, uint16_t evt, __far void * data);
Xint8_t _LibRegisterTypeHandlerExe( tLibRegister *head, uint16_t evt,  void * data);
N__far tLibRegisterMember *_LibRegisterGetMemberAddr(__far tLibRegister *head, uint16_t number);
X tLibRegisterMember *_LibRegisterGetMemberAddr( tLibRegister *head, uint16_t number);
Nbool _LibRegisterIsMemberNull(__far tLibRegister *head);
X_Bool _LibRegisterIsMemberNull( tLibRegister *head);
N#endif /* _LIB_REGISTER_H */
N
L 21 "..\..\..\Lib\LibData.c" 2
N#include "LibSwTimer.h"
L 1 "..\..\..\Lib\LibSwTimer.h" 1
N/**
N  ******************************************************************************
N  * @file        LibSwTimer.h
N  * @author      Johnny
N  * @version     v0.0
N  * @date        2021/10/14
N  * @brief       
N  ******************************************************************************
N  * @attention
N  *
N  * <h2><center>&copy; COPYRIGHT(c) 2021 Johnny</center></h2>
N  *
N  *
N  ******************************************************************************
N  */
N
N#ifndef _LIB_SW_TIMER_H
N#define _LIB_SW_TIMER_H
N
N#ifdef __cplusplus
Sextern "C" {
N#endif
N
N/* Includes ------------------------------------------------------------------*/
N#include <stdint.h>
N#include "LibDebug.h"
N#include "LibRegister.h"
N
N/* Public define ------------------------------------------------------------*/
N#define tLibSwTimerEvtHandler tLibRegisterEvtHandler
N/* Public typedef -----------------------------------------------------------*/
Ntypedef enum {
N  LIB_SW_TIMER_EVT_SW_10MS_0 = 0,
N  LIB_SW_TIMER_EVT_SW_10MS_1,  
N  LIB_SW_TIMER_EVT_SW_10MS_2,  
N  LIB_SW_TIMER_EVT_SW_10MS_3,  
N  LIB_SW_TIMER_EVT_SW_10MS_4,  
N  LIB_SW_TIMER_EVT_SW_10MS_5,  
N  LIB_SW_TIMER_EVT_SW_10MS_6,  
N  LIB_SW_TIMER_EVT_SW_10MS_7,  
N  LIB_SW_TIMER_EVT_SW_10MS_8,  
N  LIB_SW_TIMER_EVT_SW_10MS_9,  
N  LIB_SW_TIMER_EVT_SW_1MS,  
N  LIB_SW_TIMER_EVT_SW_100MS,
N  LIB_SW_TIMER_EVT_SW_500MS,
N  LIB_SW_TIMER_EVT_SW_1S,
N  
N  LIB_SW_TIMER_EVT_SW_TASK,
N  
N  LIB_SW_TIMER_EVT_HW_1MS,
N  LIB_SW_TIMER_EVT_HW_5MS,
N
N} tLibSwTimerEvt;
N
N/* Public macro -------------------------------------------------------------*/
N/* Public variables ---------------------------------------------------------*/
N/* Public function prototypes -----------------------------------------------*/
Nuint16_t LibGetSwTimer(void);
Nvoid LibSwTimerClearCount(void);
NtErrCode LibSwTimerOpen(tLibSwTimerEvtHandler handler, __far void *dest);
Xint8_t LibSwTimerOpen(tLibRegisterEvtHandler handler,  void *dest);
NtErrCode LibSwTimerClose(tLibSwTimerEvtHandler handler, __far void *dest);
Xint8_t LibSwTimerClose(tLibRegisterEvtHandler handler,  void *dest);
Nvoid LibSwTimerHwHandler(tLibSwTimerEvt evt, __far void *data);
Xvoid LibSwTimerHwHandler(tLibSwTimerEvt evt,  void *data);
Nvoid LibSwTimerHandle(void);
Nvoid LibSwTimerHwDelay(uint16_t ms);
N
NtErrCode LibSwTimerTaskOpen(tLibSwTimerEvtHandler handler, __far void *dest);
Xint8_t LibSwTimerTaskOpen(tLibRegisterEvtHandler handler,  void *dest);
NtErrCode LibSwTimerTaskClose(tLibSwTimerEvtHandler handler, __far void *dest);
Xint8_t LibSwTimerTaskClose(tLibRegisterEvtHandler handler,  void *dest);
N
N#ifdef __cplusplus
S}
N#endif
N
N#endif /* _LIB_SW_TIMER_H */
L 22 "..\..\..\Lib\LibData.c" 2
N#include <stdbool.h>
N
N/* Private define ------------------------------------------------------------*/
N/* Private macro -------------------------------------------------------------*/
N/* Private typedef -----------------------------------------------------------*/
N/* Public variables ---------------------------------------------------------*/
N/* Private variables ---------------------------------------------------------*/
N/* Private function prototypes -----------------------------------------------*/
N/* Public function prototypes -----------------------------------------------*/
Nuint16_t libGetUint16(uint8_t *pBuf)
N{
N	union{
N		uint8_t		b[2];
N		uint16_t	i;
N	}n;
N	n.b[0] = pBuf[0];
N	n.b[1] = pBuf[1];
N	return n.i;
N}
N
N/************************ (C) COPYRIGHT Johnny Wang *****END OF FILE****/ 
N
